Bluetooth/build/outputs/logs/manifest-merger-debug-report.txt
-- Merging decision tree log ---
manifest
ADDED from PUSH\Bluetooth\AndroidManifest.xml:2:1-48:12
	package
		ADDED from PUSH\Bluetooth\AndroidManifest.xml:4:5-36
	android:versionName
		ADDED from PUSH\Bluetooth\AndroidManifest.xml:6:5-30
		INJECTED from PUSH\Bluetooth\AndroidManifest.xml
		INJECTED from PUSH\Bluetooth\AndroidManifest.xml
	xmlns:tools
		ADDED from PUSH\Bluetooth\AndroidManifest.xml:3:5-51
	android:versionCode
		ADDED from PUSH\Bluetooth\AndroidManifest.xml:5:5-28
		INJECTED from PUSH\Bluetooth\AndroidManifest.xml
		INJECTED from PUSH\Bluetooth\AndroidManifest.xml
	xmlns:android
		ADDED from PUSH\Bluetooth\AndroidManifest.xml:2:11-69
uses-permission#android.permission.BLUETOOTH
ADDED from PUSH\Bluetooth\AndroidManifest.xml:8:5-68
	android:name
		ADDED from PUSH\Bluetooth\AndroidManifest.xml:8:22-65
uses-permission#android.permission.BLUETOOTH_ADMIN
ADDED from PUSH\Bluetooth\AndroidManifest.xml:9:5-74
	android:name
		ADDED from PUSH\Bluetooth\AndroidManifest.xml:9:22-71
uses-sdk
ADDED from PUSH\Bluetooth\AndroidManifest.xml:11:5-14:11
MERGED from [com.android.support:multidex:1.0.1] AndroidManifest.xml:18:5-42
MERGED from [com.android.support:appcompat-v7:25.0.1] AndroidManifest.xml:21:5-23:78
MERGED from [com.android.support:support-v4:25.0.1] AndroidManifest.xml:21:5-23:54
MERGED from [com.android.support:support-fragment:25.0.1] AndroidManifest.xml:21:5-23:60
MERGED from [com.android.support:support-media-compat:25.0.1] AndroidManifest.xml:21:5-23:63
MERGED from [com.android.support:support-core-ui:25.0.1] AndroidManifest.xml:21:5-23:58
MERGED from [com.android.support:support-core-utils:25.0.1] AndroidManifest.xml:21:5-23:61
MERGED from [com.android.support:animated-vector-drawable:25.0.1] AndroidManifest.xml:20:5-44
MERGED from [com.android.support:support-vector-drawable:25.0.1] AndroidManifest.xml:21:5-43
MERGED from [com.android.support:support-compat:25.0.1] AndroidManifest.xml:21:5-23:58
	tools:overrideLibrary
		ADDED from [com.android.support:appcompat-v7:25.0.1] AndroidManifest.xml:23:9-75
	xmlns:tools
		ADDED from PUSH\Bluetooth\AndroidManifest.xml:11:15-61
	android:targetSdkVersion
		ADDED from PUSH\Bluetooth\AndroidManifest.xml:13:9-38
		INJECTED from PUSH\Bluetooth\AndroidManifest.xml
		INJECTED from PUSH\Bluetooth\AndroidManifest.xml
	android:minSdkVersion
		ADDED from PUSH\Bluetooth\AndroidManifest.xml:12:9-35
		INJECTED from PUSH\Bluetooth\AndroidManifest.xml
		INJECTED from PUSH\Bluetooth\AndroidManifest.xml
application
ADDED from PUSH\Bluetooth\AndroidManifest.xml:16:5-46:19
MERGED from [com.android.support:appcompat-v7:25.0.1] AndroidManifest.xml:25:5-20
MERGED from [com.android.support:support-v4:25.0.1] AndroidManifest.xml:25:5-20
MERGED from [com.android.support:support-fragment:25.0.1] AndroidManifest.xml:25:5-20
MERGED from [com.android.support:support-media-compat:25.0.1] AndroidManifest.xml:25:5-20
MERGED from [com.android.support:support-core-ui:25.0.1] AndroidManifest.xml:25:5-20
MERGED from [com.android.support:support-core-utils:25.0.1] AndroidManifest.xml:25:5-20
MERGED from [com.android.support:animated-vector-drawable:25.0.1] AndroidManifest.xml:22:5-20
MERGED from [com.android.support:support-vector-drawable:25.0.1] AndroidManifest.xml:23:5-20
MERGED from [com.android.support:support-compat:25.0.1] AndroidManifest.xml:25:5-20
	android:label
		ADDED from PUSH\Bluetooth\AndroidManifest.xml:19:9-41
	android:allowBackup
		ADDED from PUSH\Bluetooth\AndroidManifest.xml:17:9-35
	android:icon
		ADDED from PUSH\Bluetooth\AndroidManifest.xml:18:9-45
	android:theme
		ADDED from PUSH\Bluetooth\AndroidManifest.xml:20:9-40
	android:logo
		ADDED from PUSH\Bluetooth\AndroidManifest.xml:20:41-77
uses-library#android.test.runner
ADDED from PUSH\Bluetooth\AndroidManifest.xml:21:9-60
	android:name
		ADDED from PUSH\Bluetooth\AndroidManifest.xml:21:23-57
activity#com.example.bluetooth.Bluetooth
ADDED from PUSH\Bluetooth\AndroidManifest.xml:23:9-32:20
	android:label
		ADDED from PUSH\Bluetooth\AndroidManifest.xml:25:13-65
	android:windowSoftInputMode
		ADDED from PUSH\Bluetooth\AndroidManifest.xml:27:14-56
	android:configChanges
		ADDED from PUSH\Bluetooth\AndroidManifest.xml:26:13-59
	android:name
		ADDED from PUSH\Bluetooth\AndroidManifest.xml:24:13-38
intent-filter#android.intent.action.MAIN+android.intent.category.LAUNCHER
ADDED from PUSH\Bluetooth\AndroidManifest.xml:28:13-31:29
action#android.intent.action.MAIN
ADDED from PUSH\Bluetooth\AndroidManifest.xml:29:17-69
	android:name
		ADDED from PUSH\Bluetooth\AndroidManifest.xml:29:25-66
category#android.intent.category.LAUNCHER
ADDED from PUSH\Bluetooth\AndroidManifest.xml:30:17-77
	android:name
		ADDED from PUSH\Bluetooth\AndroidManifest.xml:30:27-74
activity#com.example.bluetooth.SecondActivity
ADDED from PUSH\Bluetooth\AndroidManifest.xml:35:9-39:20
	android:label
		ADDED from PUSH\Bluetooth\AndroidManifest.xml:37:13-38
	android:configChanges
		ADDED from PUSH\Bluetooth\AndroidManifest.xml:38:13-74
	android:name
		ADDED from PUSH\Bluetooth\AndroidManifest.xml:36:13-43
activity#com.example.bluetooth.ThirdActivity
ADDED from PUSH\Bluetooth\AndroidManifest.xml:41:9-45:20
	android:label
		ADDED from PUSH\Bluetooth\AndroidManifest.xml:43:13-57
	android:configChanges
		ADDED from PUSH\Bluetooth\AndroidManifest.xml:44:13-74
	android:name
		ADDED from PUSH\Bluetooth\AndroidManifest.xml:42:13-42